<?xml version="1.0" encoding="UTF-8"?>
<!-- Generated by org.testng.reporters.JUnitReportReporter -->
<testsuite hostname="HITESH-PC" failures="0" tests="1" name="com.tribe.workshop.march2024.AppiumWorkshopMarchTests" time="31.491" errors="0" timestamp="2024-03-16T20:03:21 IST" skipped="0">
  <testcase classname="com.tribe.workshop.march2024.AppiumWorkshopMarchTests" name="myFirstTest" time="31.491"/>
</testsuite> <!-- com.tribe.workshop.march2024.AppiumWorkshopMarchTests -->
